app/build/intermediates/manifest_merge_blame_file/debug/processDebugMainManifest/manifest-merger-blame-debug-report.txt
1<?xml version="1.0" encoding="utf-8"?>
2<manifest xmlns:android="http://schemas.android.com/apk/res/android"
3    package="com.example.strooplocker"
4    android:versionCode="1"
5    android:versionName="1.0" >
6
7    <uses-sdk
8        android:minSdkVersion="24"
9        android:targetSdkVersion="34" />
10
11    <!-- For querying installed apps -->
12    <queries>
12-->src/main/AndroidManifest.xml:6:5-11:15
13        <intent>
13-->src/main/AndroidManifest.xml:7:9-10:18
14            <action android:name="android.intent.action.MAIN" />
14-->src/main/AndroidManifest.xml:8:13-65
14-->src/main/AndroidManifest.xml:8:21-62
15
16            <category android:name="android.intent.category.LAUNCHER" />
16-->src/main/AndroidManifest.xml:9:13-73
16-->src/main/AndroidManifest.xml:9:23-70
17        </intent>
18    </queries>
19
20    <permission
20-->[androidx.core:core:1.12.0] AndroidManifest.xml:22:5-24:47
21        android:name="com.example.strooplocker.DYNAMIC_RECEIVER_NOT_EXPORTED_PERMISSION"
21-->[androidx.core:core:1.12.0] AndroidManifest.xml:23:9-81
22        android:protectionLevel="signature" />
22-->[androidx.core:core:1.12.0] AndroidManifest.xml:24:9-44
23
24    <uses-permission android:name="com.example.strooplocker.DYNAMIC_RECEIVER_NOT_EXPORTED_PERMISSION" />
24-->[androidx.core:core:1.12.0] AndroidManifest.xml:26:5-97
24-->[androidx.core:core:1.12.0] AndroidManifest.xml:26:22-94
25
26    <application
26-->src/main/AndroidManifest.xml:13:5-63:19
27        android:name="com.example.strooplocker.MyApplication"
27-->src/main/AndroidManifest.xml:14:9-38
28        android:allowBackup="true"
28-->src/main/AndroidManifest.xml:15:9-35
29        android:appComponentFactory="androidx.core.app.CoreComponentFactory"
29-->[androidx.core:core:1.12.0] AndroidManifest.xml:28:18-86
30        android:debuggable="true"
31        android:extractNativeLibs="false"
32        android:icon="@mipmap/ic_launcher"
32-->src/main/AndroidManifest.xml:17:9-43
33        android:label="@string/app_name"
33-->src/main/AndroidManifest.xml:16:9-41
34        android:roundIcon="@mipmap/ic_launcher_round"
34-->src/main/AndroidManifest.xml:18:9-54
35        android:theme="@style/Theme.Strooplocker" >
35-->src/main/AndroidManifest.xml:19:9-50
36
37        <!-- Main activities -->
38        <activity
38-->src/main/AndroidManifest.xml:22:9-29:20
39            android:name="com.example.strooplocker.StroopLockActivity"
39-->src/main/AndroidManifest.xml:23:13-47
40            android:exported="true" >
40-->src/main/AndroidManifest.xml:24:13-36
41            <intent-filter>
41-->src/main/AndroidManifest.xml:25:13-28:29
42                <action android:name="android.intent.action.MAIN" />
42-->src/main/AndroidManifest.xml:8:13-65
42-->src/main/AndroidManifest.xml:8:21-62
43
44                <category android:name="android.intent.category.LAUNCHER" />
44-->src/main/AndroidManifest.xml:9:13-73
44-->src/main/AndroidManifest.xml:9:23-70
45            </intent-filter>
46        </activity>
47        <activity
47-->src/main/AndroidManifest.xml:31:9-33:40
48            android:name="com.example.strooplocker.SelectAppsActivity"
48-->src/main/AndroidManifest.xml:32:13-47
49            android:exported="false" />
49-->src/main/AndroidManifest.xml:33:13-37
50
51        <!-- Accessibility Service -->
52        <service
52-->src/main/AndroidManifest.xml:36:9-48:19
53            android:name="com.example.strooplocker.StroopAccessibilityService"
53-->src/main/AndroidManifest.xml:37:13-55
54            android:directBootAware="true"
54-->src/main/AndroidManifest.xml:40:13-43
55            android:exported="true"
55-->src/main/AndroidManifest.xml:39:13-36
56            android:label="@string/accessibility_service_label"
56-->src/main/AndroidManifest.xml:41:13-64
57            android:permission="android.permission.BIND_ACCESSIBILITY_SERVICE" >
57-->src/main/AndroidManifest.xml:38:13-79
58            <intent-filter>
58-->src/main/AndroidManifest.xml:42:13-44:29
59                <action android:name="android.accessibilityservice.AccessibilityService" />
59-->src/main/AndroidManifest.xml:43:17-92
59-->src/main/AndroidManifest.xml:43:25-89
60            </intent-filter>
61
62            <meta-data
62-->src/main/AndroidManifest.xml:45:13-47:72
63                android:name="android.accessibilityservice"
63-->src/main/AndroidManifest.xml:46:17-60
64                android:resource="@xml/accessibility_service_config" />
64-->src/main/AndroidManifest.xml:47:17-69
65        </service>
66
67        <!-- Device Admin Receiver -->
68        <receiver
68-->src/main/AndroidManifest.xml:51:9-61:20
69            android:name="com.example.strooplocker.StroopDeviceAdminReceiver"
69-->src/main/AndroidManifest.xml:52:13-54
70            android:exported="true"
70-->src/main/AndroidManifest.xml:53:13-36
71            android:permission="android.permission.BIND_DEVICE_ADMIN" >
71-->src/main/AndroidManifest.xml:54:13-70
72            <meta-data
72-->src/main/AndroidManifest.xml:55:13-57:65
73                android:name="android.app.device_admin"
73-->src/main/AndroidManifest.xml:56:17-56
74                android:resource="@xml/device_admin_receiver" />
74-->src/main/AndroidManifest.xml:57:17-62
75
76            <intent-filter>
76-->src/main/AndroidManifest.xml:58:13-60:29
77                <action android:name="android.app.action.DEVICE_ADMIN_ENABLED" />
77-->src/main/AndroidManifest.xml:59:17-82
77-->src/main/AndroidManifest.xml:59:25-79
78            </intent-filter>
79        </receiver>
80
81        <provider
81-->[androidx.emoji2:emoji2:1.2.0] AndroidManifest.xml:24:9-32:20
82            android:name="androidx.startup.InitializationProvider"
82-->[androidx.emoji2:emoji2:1.2.0] AndroidManifest.xml:25:13-67
83            android:authorities="com.example.strooplocker.androidx-startup"
83-->[androidx.emoji2:emoji2:1.2.0] AndroidManifest.xml:26:13-68
84            android:exported="false" >
84-->[androidx.emoji2:emoji2:1.2.0] AndroidManifest.xml:27:13-37
85            <meta-data
85-->[androidx.emoji2:emoji2:1.2.0] AndroidManifest.xml:29:13-31:52
86                android:name="androidx.emoji2.text.EmojiCompatInitializer"
86-->[androidx.emoji2:emoji2:1.2.0] AndroidManifest.xml:30:17-75
87                android:value="androidx.startup" />
87-->[androidx.emoji2:emoji2:1.2.0] AndroidManifest.xml:31:17-49
88            <meta-data
88-->[androidx.lifecycle:lifecycle-process:2.6.2] AndroidManifest.xml:29:13-31:52
89                android:name="androidx.lifecycle.ProcessLifecycleInitializer"
89-->[androidx.lifecycle:lifecycle-process:2.6.2] AndroidManifest.xml:30:17-78
90                android:value="androidx.startup" />
90-->[androidx.lifecycle:lifecycle-process:2.6.2] AndroidManifest.xml:31:17-49
91            <meta-data
91-->[androidx.profileinstaller:profileinstaller:1.3.0] AndroidManifest.xml:29:13-31:52
92                android:name="androidx.profileinstaller.ProfileInstallerInitializer"
92-->[androidx.profileinstaller:profileinstaller:1.3.0] AndroidManifest.xml:30:17-85
93                android:value="androidx.startup" />
93-->[androidx.profileinstaller:profileinstaller:1.3.0] AndroidManifest.xml:31:17-49
94        </provider>
95
96        <service
96-->[androidx.room:room-runtime:2.6.0] AndroidManifest.xml:24:9-28:63
97            android:name="androidx.room.MultiInstanceInvalidationService"
97-->[androidx.room:room-runtime:2.6.0] AndroidManifest.xml:25:13-74
98            android:directBootAware="true"
98-->[androidx.room:room-runtime:2.6.0] AndroidManifest.xml:26:13-43
99            android:exported="false" />
99-->[androidx.room:room-runtime:2.6.0] AndroidManifest.xml:27:13-37
100
101        <receiver
101-->[androidx.profileinstaller:profileinstaller:1.3.0] AndroidManifest.xml:34:9-52:20
102            android:name="androidx.profileinstaller.ProfileInstallReceiver"
102-->[androidx.profileinstaller:profileinstaller:1.3.0] AndroidManifest.xml:35:13-76
103            android:directBootAware="false"
103-->[androidx.profileinstaller:profileinstaller:1.3.0] AndroidManifest.xml:36:13-44
104            android:enabled="true"
104-->[androidx.profileinstaller:profileinstaller:1.3.0] AndroidManifest.xml:37:13-35
105            android:exported="true"
105-->[androidx.profileinstaller:profileinstaller:1.3.0] AndroidManifest.xml:38:13-36
106            android:permission="android.permission.DUMP" >
106-->[androidx.profileinstaller:profileinstaller:1.3.0] AndroidManifest.xml:39:13-57
107            <intent-filter>
107-->[androidx.profileinstaller:profileinstaller:1.3.0] AndroidManifest.xml:40:13-42:29
108                <action android:name="androidx.profileinstaller.action.INSTALL_PROFILE" />
108-->[androidx.profileinstaller:profileinstaller:1.3.0] AndroidManifest.xml:41:17-91
108-->[androidx.profileinstaller:profileinstaller:1.3.0] AndroidManifest.xml:41:25-88
109            </intent-filter>
110            <intent-filter>
110-->[androidx.profileinstaller:profileinstaller:1.3.0] AndroidManifest.xml:43:13-45:29
111                <action android:name="androidx.profileinstaller.action.SKIP_FILE" />
111-->[androidx.profileinstaller:profileinstaller:1.3.0] AndroidManifest.xml:44:17-85
111-->[androidx.profileinstaller:profileinstaller:1.3.0] AndroidManifest.xml:44:25-82
112            </intent-filter>
113            <intent-filter>
113-->[androidx.profileinstaller:profileinstaller:1.3.0] AndroidManifest.xml:46:13-48:29
114                <action android:name="androidx.profileinstaller.action.SAVE_PROFILE" />
114-->[androidx.profileinstaller:profileinstaller:1.3.0] AndroidManifest.xml:47:17-88
114-->[androidx.profileinstaller:profileinstaller:1.3.0] AndroidManifest.xml:47:25-85
115            </intent-filter>
116            <intent-filter>
116-->[androidx.profileinstaller:profileinstaller:1.3.0] AndroidManifest.xml:49:13-51:29
117                <action android:name="androidx.profileinstaller.action.BENCHMARK_OPERATION" />
117-->[androidx.profileinstaller:profileinstaller:1.3.0] AndroidManifest.xml:50:17-95
117-->[androidx.profileinstaller:profileinstaller:1.3.0] AndroidManifest.xml:50:25-92
118            </intent-filter>
119        </receiver>
120    </application>
121
122</manifest>